# Logfile created on Sat May 14 19:22:38 +0200 2011

Processing Admin::WelcomeController#login (for 127.0.0.1 at 2011-05-14 19:23:15) [POST]
  Parameters: {"username_or_email"=>"admin", "action"=>"login", "authenticity_token"=>"az2TNJFkKRCdwmJpr25lPBuJj5ICtZvI2fcjFAIxdOU=", "controller"=>"admin/welcome", "password"=>"[FILTERED]"}
Rendering template within layouts/application
Rendering admin/welcome/login
Completed in 58ms (View: 30, DB: 4) | 200 OK [http://localhost/admin/login]


Processing Admin::WelcomeController#login (for 127.0.0.1 at 2011-05-14 19:23:20) [POST]
  Parameters: {"username_or_email"=>"admin", "action"=>"login", "authenticity_token"=>"cARH8A7/5hbyhTAHbD/mwBUB3Xv8y0rCSvd1rjieFhA=", "controller"=>"admin/welcome", "password"=>"[FILTERED]"}
Redirected to http://localhost:3000/admin/welcome
Completed in 7ms (DB: 2) | 302 Found [http://localhost/admin/login]


Processing Admin::WelcomeController#index (for 127.0.0.1 at 2011-05-14 19:23:20) [GET]
  Parameters: {"action"=>"index", "controller"=>"admin/welcome"}
Redirected to http://localhost:3000/admin/pages
Completed in 4ms (DB: 1) | 302 Found [http://localhost/admin/welcome]


Processing Admin::PagesController#index (for 127.0.0.1 at 2011-05-14 19:23:20) [GET]
  Parameters: {"action"=>"index", "controller"=>"admin/pages"}
Rendering template within layouts/application
Rendering admin/pages/index
Completed in 40ms (View: 27, DB: 3) | 200 OK [http://localhost/admin/pages]


Processing Admin::LayoutsController#index (for 127.0.0.1 at 2011-05-14 19:23:22) [GET]
  Parameters: {"action"=>"index", "controller"=>"admin/layouts"}
Rendering template within layouts/application
Rendering admin/layouts/index
Completed in 43ms (View: 25, DB: 5) | 200 OK [http://localhost/admin/layouts]


Processing Admin::PreferencesController#show (for 127.0.0.1 at 2011-05-14 19:23:24) [GET]
  Parameters: {"action"=>"show", "controller"=>"admin/preferences"}
Rendering template within layouts/application
Rendering admin/preferences/edit
Completed in 67ms (View: 56, DB: 3) | 200 OK [http://localhost/admin/preferences]


Processing Admin::PreferencesController#show (for 127.0.0.1 at 2011-05-14 19:23:26) [GET]
  Parameters: {"action"=>"show", "controller"=>"admin/preferences"}
Rendering template within layouts/application
Rendering admin/preferences/edit
Completed in 44ms (View: 36, DB: 4) | 200 OK [http://localhost/admin/preferences]


Processing Admin::UsersController#index (for 127.0.0.1 at 2011-05-14 19:23:27) [GET]
  Parameters: {"action"=>"index", "controller"=>"admin/users"}
Rendering template within layouts/application
Rendering admin/users/index
Completed in 42ms (View: 26, DB: 4) | 200 OK [http://localhost/admin/users]


Processing Admin::ExtensionsController#index (for 127.0.0.1 at 2011-05-14 19:23:29) [GET]
  Parameters: {"action"=>"index", "controller"=>"admin/extensions"}
Rendering template within layouts/application
Rendering admin/extensions/index
Completed in 145ms (View: 118, DB: 2) | 200 OK [http://localhost/admin/extensions]


Processing Admin::PagesController#index (for 127.0.0.1 at 2011-05-14 19:23:37) [GET]
  Parameters: {"action"=>"index", "controller"=>"admin/pages"}
Rendering template within layouts/application
Rendering admin/pages/index
Completed in 28ms (View: 16, DB: 4) | 200 OK [http://localhost/admin/pages]


Processing Admin::PreferencesController#edit (for 127.0.0.1 at 2011-05-14 19:23:42) [GET]
  Parameters: {"action"=>"edit", "controller"=>"admin/preferences"}
Rendering template within layouts/application
Rendering admin/preferences/edit
Completed in 41ms (View: 36, DB: 2) | 200 OK [http://localhost/admin/preferences/edit]


Processing Admin::LayoutsController#index (for 127.0.0.1 at 2011-05-14 19:23:43) [GET]
  Parameters: {"action"=>"index", "controller"=>"admin/layouts"}
Rendering template within layouts/application
Rendering admin/layouts/index
Completed in 23ms (View: 14, DB: 3) | 200 OK [http://localhost/admin/layouts]


Processing Admin::SnippetsController#index (for 127.0.0.1 at 2011-05-14 19:23:45) [GET]
  Parameters: {"action"=>"index", "controller"=>"admin/snippets"}
Rendering template within layouts/application
Rendering admin/snippets/index
Completed in 35ms (View: 20, DB: 3) | 200 OK [http://localhost/admin/snippets]


Processing Admin::LayoutsController#index (for 127.0.0.1 at 2011-05-14 19:23:46) [GET]
  Parameters: {"action"=>"index", "controller"=>"admin/layouts"}
Rendering template within layouts/application
Rendering admin/layouts/index
Completed in 25ms (View: 15, DB: 4) | 200 OK [http://localhost/admin/layouts]


Processing Admin::SnippetsController#index (for 127.0.0.1 at 2011-05-14 19:23:49) [GET]
  Parameters: {"action"=>"index", "controller"=>"admin/snippets"}
Rendering template within layouts/application
Rendering admin/snippets/index
Completed in 24ms (View: 14, DB: 4) | 200 OK [http://localhost/admin/snippets]


Processing Admin::PreferencesController#show (for 127.0.0.1 at 2011-05-14 19:23:51) [GET]
  Parameters: {"action"=>"show", "controller"=>"admin/preferences"}
Rendering template within layouts/application
Rendering admin/preferences/edit
Completed in 44ms (View: 36, DB: 4) | 200 OK [http://localhost/admin/preferences]


Processing Admin::UsersController#index (for 127.0.0.1 at 2011-05-14 19:23:53) [GET]
  Parameters: {"action"=>"index", "controller"=>"admin/users"}
Rendering template within layouts/application
Rendering admin/users/index
Completed in 28ms (View: 19, DB: 4) | 200 OK [http://localhost/admin/users]


Processing Admin::ExtensionsController#index (for 127.0.0.1 at 2011-05-14 19:23:54) [GET]
  Parameters: {"action"=>"index", "controller"=>"admin/extensions"}
Rendering template within layouts/application
Rendering admin/extensions/index
Completed in 43ms (View: 22, DB: 2) | 200 OK [http://localhost/admin/extensions]


Processing Admin::PagesController#index (for 127.0.0.1 at 2011-05-14 19:24:00) [GET]
  Parameters: {"action"=>"index", "controller"=>"admin/pages"}
Rendering template within layouts/application
Rendering admin/pages/index
Completed in 24ms (View: 13, DB: 4) | 200 OK [http://localhost/admin/pages]
